[2016-11-30 15:28:26 INFO ] [main] etoak.common.springboot.Application - Starting Application on Lin-PC with PID 2988 (G:\java\workspace\etoakSpace\etoak\etoak-common\target\classes started by Lin in G:\java\workspace\etoakSpace\etoak\etoak-common)
[2016-11-30 15:28:26 INFO ] [main] etoak.common.springboot.Application - No active profile set, falling back to default profiles: default
[2016-11-30 15:28:26 INFO ] [main] boot.context.embedded.AnnotationConfigEmbeddedWebApplicationContext - Refreshing org.springframework.boot.context.embedded.AnnotationConfigEmbeddedWebApplicationContext@10fb004: startup date [Wed Nov 30 15:28:26 CST 2016]; root of context hierarchy
[2016-11-30 15:28:26 INFO ] [background-preinit] validator.internal.util.Version - HV000001: Hibernate Validator 5.2.4.Final
[2016-11-30 15:28:27 INFO ] [main] springframework.context.support.PostProcessorRegistrationDelegate$BeanPostProcessorChecker - Bean 'org.springframework.transaction.annotation.ProxyTransactionManagementConfiguration' of type [class org.springframework.transaction.annotation.ProxyTransactionManagementConfiguration$$EnhancerBySpringCGLIB$$3895f3d7] is not eligible for getting processed by all BeanPostProcessors (for example: not eligible for auto-proxying)
[2016-11-30 15:28:27 INFO ] [main] context.embedded.tomcat.TomcatEmbeddedServletContainer - Tomcat initialized with port(s): 9099 (http)
[2016-11-30 15:28:28 INFO ] [localhost-startStop-1] springframework.web.context.ContextLoader - Root WebApplicationContext: initialization completed in 1609 ms
[2016-11-30 15:28:28 INFO ] [localhost-startStop-1] boot.web.servlet.ServletRegistrationBean - Mapping servlet: 'dispatcherServlet' to [/]
[2016-11-30 15:28:28 INFO ] [localhost-startStop-1] boot.web.servlet.FilterRegistrationBean - Mapping filter: 'characterEncodingFilter' to: [/*]
[2016-11-30 15:28:28 INFO ] [localhost-startStop-1] boot.web.servlet.FilterRegistrationBean - Mapping filter: 'hiddenHttpMethodFilter' to: [/*]
[2016-11-30 15:28:28 INFO ] [localhost-startStop-1] boot.web.servlet.FilterRegistrationBean - Mapping filter: 'httpPutFormContentFilter' to: [/*]
[2016-11-30 15:28:28 INFO ] [localhost-startStop-1] boot.web.servlet.FilterRegistrationBean - Mapping filter: 'requestContextFilter' to: [/*]
[2016-11-30 15:28:28 INFO ] [main] mvc.method.annotation.RequestMappingHandlerAdapter - Looking for @ControllerAdvice: org.springframework.boot.context.embedded.AnnotationConfigEmbeddedWebApplicationContext@10fb004: startup date [Wed Nov 30 15:28:26 CST 2016]; root of context hierarchy
[2016-11-30 15:28:28 INFO ] [main] mvc.method.annotation.RequestMappingHandlerMapping - Mapped "{[/error],produces=[text/html]}" onto public org.springframework.web.servlet.ModelAndView org.springframework.boot.autoconfigure.web.BasicErrorController.errorHtml(javax.servlet.http.HttpServletRequest,javax.servlet.http.HttpServletResponse)
[2016-11-30 15:28:28 INFO ] [main] mvc.method.annotation.RequestMappingHandlerMapping - Mapped "{[/error]}" onto public org.springframework.http.ResponseEntity<java.util.Map<java.lang.String, java.lang.Object>> org.springframework.boot.autoconfigure.web.BasicErrorController.error(javax.servlet.http.HttpServletRequest)
[2016-11-30 15:28:28 INFO ] [main] web.servlet.handler.SimpleUrlHandlerMapping - Mapped URL path [/webjars/**] onto handler of type [class org.springframework.web.servlet.resource.ResourceHttpRequestHandler]
[2016-11-30 15:28:28 INFO ] [main] web.servlet.handler.SimpleUrlHandlerMapping - Mapped URL path [/**] onto handler of type [class org.springframework.web.servlet.resource.ResourceHttpRequestHandler]
[2016-11-30 15:28:28 INFO ] [main] web.servlet.handler.SimpleUrlHandlerMapping - Mapped URL path [/**/favicon.ico] onto handler of type [class org.springframework.web.servlet.resource.ResourceHttpRequestHandler]
[2016-11-30 15:28:28 INFO ] [main] jmx.export.annotation.AnnotationMBeanExporter - Registering beans for JMX exposure on startup
[2016-11-30 15:28:28 INFO ] [main] jmx.export.annotation.AnnotationMBeanExporter - Bean with name 'dataSource' has been autodetected for JMX exposure
[2016-11-30 15:28:28 INFO ] [main] jmx.export.annotation.AnnotationMBeanExporter - Located MBean 'dataSource': registering with JMX server as MBean [com.alibaba.druid.pool:name=dataSource,type=DruidDataSource]
[2016-11-30 15:28:28 INFO ] [main] context.embedded.tomcat.TomcatEmbeddedServletContainer - Tomcat started on port(s): 9099 (http)
[2016-11-30 15:28:28 INFO ] [main] etoak.common.springboot.Application - Started Application in 2.734 seconds (JVM running for 3.061)
