[2016-11-30 16:01:24 INFO ] [main] bbs.web.springboot.Application - Starting Application on Lin-PC with PID 3036 (G:\java\workspace\etoakSpace\etoak\etoak-bbs\etoak-bbs-web\target\classes started by Lin in G:\java\workspace\etoakSpace\etoak\etoak-bbs\etoak-bbs-web)
[2016-11-30 16:01:24 INFO ] [main] bbs.web.springboot.Application - No active profile set, falling back to default profiles: default
[2016-11-30 16:01:24 INFO ] [main] boot.context.embedded.AnnotationConfigEmbeddedWebApplicationContext - Refreshing org.springframework.boot.context.embedded.AnnotationConfigEmbeddedWebApplicationContext@1d9a5bb: startup date [Wed Nov 30 16:01:24 CST 2016]; root of context hierarchy
[2016-11-30 16:01:24 INFO ] [background-preinit] validator.internal.util.Version - HV000001: Hibernate Validator 5.2.4.Final
[2016-11-30 16:01:25 WARN ] [main] mybatis.spring.mapper.ClassPathMapperScanner - No MyBatis mapper was found in '[com.etoak]' package. Please check your configuration.
[2016-11-30 16:01:25 INFO ] [main] springframework.context.support.PostProcessorRegistrationDelegate$BeanPostProcessorChecker - Bean 'org.springframework.transaction.annotation.ProxyTransactionManagementConfiguration' of type [class org.springframework.transaction.annotation.ProxyTransactionManagementConfiguration$$EnhancerBySpringCGLIB$$199cc48f] is not eligible for getting processed by all BeanPostProcessors (for example: not eligible for auto-proxying)
[2016-11-30 16:01:25 INFO ] [main] context.embedded.tomcat.TomcatEmbeddedServletContainer - Tomcat initialized with port(s): 9099 (http)
[2016-11-30 16:01:26 INFO ] [localhost-startStop-1] springframework.web.context.ContextLoader - Root WebApplicationContext: initialization completed in 1366 ms
[2016-11-30 16:01:26 INFO ] [localhost-startStop-1] boot.web.servlet.ServletRegistrationBean - Mapping servlet: 'dispatcherServlet' to [/]
[2016-11-30 16:01:26 INFO ] [localhost-startStop-1] boot.web.servlet.ServletRegistrationBean - Mapping servlet: 'com.etoak.bbs.web.springboot.DruidStatViewServlet' to [/druid/*]
[2016-11-30 16:01:26 INFO ] [localhost-startStop-1] boot.web.servlet.FilterRegistrationBean - Mapping filter: 'characterEncodingFilter' to: [/*]
[2016-11-30 16:01:26 INFO ] [localhost-startStop-1] boot.web.servlet.FilterRegistrationBean - Mapping filter: 'hiddenHttpMethodFilter' to: [/*]
[2016-11-30 16:01:26 INFO ] [localhost-startStop-1] boot.web.servlet.FilterRegistrationBean - Mapping filter: 'httpPutFormContentFilter' to: [/*]
[2016-11-30 16:01:26 INFO ] [localhost-startStop-1] boot.web.servlet.FilterRegistrationBean - Mapping filter: 'requestContextFilter' to: [/*]
[2016-11-30 16:01:26 INFO ] [localhost-startStop-1] boot.web.servlet.FilterRegistrationBean - Mapping filter: 'druidWebStatFilter' to urls: [/*]
[2016-11-30 16:01:26 INFO ] [main] bbs.web.springboot.MyBatisConfig - 初始化MyBatis.....
[2016-11-30 16:01:26 INFO ] [main] mvc.method.annotation.RequestMappingHandlerAdapter - Looking for @ControllerAdvice: org.springframework.boot.context.embedded.AnnotationConfigEmbeddedWebApplicationContext@1d9a5bb: startup date [Wed Nov 30 16:01:24 CST 2016]; root of context hierarchy
[2016-11-30 16:01:26 INFO ] [main] mvc.method.annotation.RequestMappingHandlerMapping - Mapped "{[/error],produces=[text/html]}" onto public org.springframework.web.servlet.ModelAndView org.springframework.boot.autoconfigure.web.BasicErrorController.errorHtml(javax.servlet.http.HttpServletRequest,javax.servlet.http.HttpServletResponse)
[2016-11-30 16:01:26 INFO ] [main] mvc.method.annotation.RequestMappingHandlerMapping - Mapped "{[/error]}" onto public org.springframework.http.ResponseEntity<java.util.Map<java.lang.String, java.lang.Object>> org.springframework.boot.autoconfigure.web.BasicErrorController.error(javax.servlet.http.HttpServletRequest)
[2016-11-30 16:01:26 INFO ] [main] web.servlet.handler.SimpleUrlHandlerMapping - Mapped URL path [/webjars/**] onto handler of type [class org.springframework.web.servlet.resource.ResourceHttpRequestHandler]
[2016-11-30 16:01:26 INFO ] [main] web.servlet.handler.SimpleUrlHandlerMapping - Mapped URL path [/**] onto handler of type [class org.springframework.web.servlet.resource.ResourceHttpRequestHandler]
[2016-11-30 16:01:26 INFO ] [main] web.servlet.handler.SimpleUrlHandlerMapping - Mapped URL path [/**/favicon.ico] onto handler of type [class org.springframework.web.servlet.resource.ResourceHttpRequestHandler]
[2016-11-30 16:01:26 INFO ] [main] jmx.export.annotation.AnnotationMBeanExporter - Registering beans for JMX exposure on startup
[2016-11-30 16:01:26 INFO ] [main] jmx.export.annotation.AnnotationMBeanExporter - Bean with name 'dataSourceEtoak' has been autodetected for JMX exposure
[2016-11-30 16:01:26 INFO ] [main] jmx.export.annotation.AnnotationMBeanExporter - Located MBean 'dataSourceEtoak': registering with JMX server as MBean [com.alibaba.druid.pool:name=dataSourceEtoak,type=DruidDataSource]
[2016-11-30 16:01:26 INFO ] [main] context.embedded.tomcat.TomcatEmbeddedServletContainer - Tomcat started on port(s): 9099 (http)
[2016-11-30 16:01:26 INFO ] [main] bbs.web.springboot.Application - Started Application in 2.637 seconds (JVM running for 3.053)
[2016-11-30 16:01:34 INFO ] [RMI TCP Connection(2)-192.168.63.116] springframework.boot.admin.SpringApplicationAdminMXBeanRegistrar$SpringApplicationAdmin - Application shutdown requested.
[2016-11-30 16:01:34 INFO ] [RMI TCP Connection(2)-192.168.63.116] boot.context.embedded.AnnotationConfigEmbeddedWebApplicationContext - Closing org.springframework.boot.context.embedded.AnnotationConfigEmbeddedWebApplicationContext@1d9a5bb: startup date [Wed Nov 30 16:01:24 CST 2016]; root of context hierarchy
[2016-11-30 16:01:34 INFO ] [RMI TCP Connection(2)-192.168.63.116] jmx.export.annotation.AnnotationMBeanExporter - Unregistering JMX-exposed beans on shutdown
[2016-11-30 16:01:34 INFO ] [RMI TCP Connection(2)-192.168.63.116] jmx.export.annotation.AnnotationMBeanExporter - Unregistering JMX-exposed beans
[2016-11-30 16:05:09 INFO ] [main] bbs.web.springboot.Application - Starting Application on Lin-PC with PID 3300 (G:\java\workspace\etoakSpace\etoak\etoak-bbs\etoak-bbs-web\target\classes started by Lin in G:\java\workspace\etoakSpace\etoak\etoak-bbs\etoak-bbs-web)
[2016-11-30 16:05:09 INFO ] [main] bbs.web.springboot.Application - No active profile set, falling back to default profiles: default
[2016-11-30 16:05:09 INFO ] [main] boot.context.embedded.AnnotationConfigEmbeddedWebApplicationContext - Refreshing org.springframework.boot.context.embedded.AnnotationConfigEmbeddedWebApplicationContext@158aa89: startup date [Wed Nov 30 16:05:09 CST 2016]; root of context hierarchy
[2016-11-30 16:05:09 INFO ] [background-preinit] validator.internal.util.Version - HV000001: Hibernate Validator 5.2.4.Final
[2016-11-30 16:05:09 WARN ] [main] mybatis.spring.mapper.ClassPathMapperScanner - No MyBatis mapper was found in '[com.etoak]' package. Please check your configuration.
[2016-11-30 16:05:10 INFO ] [main] bbs.web.springboot.Application - Starting Application on Lin-PC with PID 5240 (G:\java\workspace\etoakSpace\etoak\etoak-bbs\etoak-bbs-web\target\classes started by Lin in G:\java\workspace\etoakSpace\etoak\etoak-bbs\etoak-bbs-web)
[2016-11-30 16:05:10 INFO ] [main] bbs.web.springboot.Application - No active profile set, falling back to default profiles: default
[2016-11-30 16:05:10 INFO ] [main] springframework.context.support.PostProcessorRegistrationDelegate$BeanPostProcessorChecker - Bean 'org.springframework.transaction.annotation.ProxyTransactionManagementConfiguration' of type [class org.springframework.transaction.annotation.ProxyTransactionManagementConfiguration$$EnhancerBySpringCGLIB$$211f3759] is not eligible for getting processed by all BeanPostProcessors (for example: not eligible for auto-proxying)
[2016-11-30 16:05:10 INFO ] [main] boot.context.embedded.AnnotationConfigEmbeddedWebApplicationContext - Refreshing org.springframework.boot.context.embedded.AnnotationConfigEmbeddedWebApplicationContext@9f422f: startup date [Wed Nov 30 16:05:10 CST 2016]; root of context hierarchy
[2016-11-30 16:05:10 INFO ] [background-preinit] validator.internal.util.Version - HV000001: Hibernate Validator 5.2.4.Final
[2016-11-30 16:05:10 INFO ] [main] context.embedded.tomcat.TomcatEmbeddedServletContainer - Tomcat initialized with port(s): 9099 (http)
[2016-11-30 16:05:10 WARN ] [main] mybatis.spring.mapper.ClassPathMapperScanner - No MyBatis mapper was found in '[com.etoak]' package. Please check your configuration.
[2016-11-30 16:05:10 INFO ] [localhost-startStop-1] springframework.web.context.ContextLoader - Root WebApplicationContext: initialization completed in 1456 ms
[2016-11-30 16:05:11 INFO ] [localhost-startStop-1] boot.web.servlet.ServletRegistrationBean - Mapping servlet: 'dispatcherServlet' to [/]
[2016-11-30 16:05:11 INFO ] [localhost-startStop-1] boot.web.servlet.ServletRegistrationBean - Mapping servlet: 'com.etoak.bbs.web.springboot.DruidStatViewServlet' to [/druid/*]
[2016-11-30 16:05:11 INFO ] [localhost-startStop-1] boot.web.servlet.FilterRegistrationBean - Mapping filter: 'characterEncodingFilter' to: [/*]
[2016-11-30 16:05:11 INFO ] [localhost-startStop-1] boot.web.servlet.FilterRegistrationBean - Mapping filter: 'hiddenHttpMethodFilter' to: [/*]
[2016-11-30 16:05:11 INFO ] [localhost-startStop-1] boot.web.servlet.FilterRegistrationBean - Mapping filter: 'httpPutFormContentFilter' to: [/*]
[2016-11-30 16:05:11 INFO ] [localhost-startStop-1] boot.web.servlet.FilterRegistrationBean - Mapping filter: 'requestContextFilter' to: [/*]
[2016-11-30 16:05:11 INFO ] [localhost-startStop-1] boot.web.servlet.FilterRegistrationBean - Mapping filter: 'druidWebStatFilter' to urls: [/*]
[2016-11-30 16:05:11 INFO ] [main] bbs.web.springboot.MyBatisConfig - 初始化MyBatis.....
[2016-11-30 16:05:11 INFO ] [main] springframework.context.support.PostProcessorRegistrationDelegate$BeanPostProcessorChecker - Bean 'org.springframework.transaction.annotation.ProxyTransactionManagementConfiguration' of type [class org.springframework.transaction.annotation.ProxyTransactionManagementConfiguration$$EnhancerBySpringCGLIB$$46d4a40d] is not eligible for getting processed by all BeanPostProcessors (for example: not eligible for auto-proxying)
[2016-11-30 16:05:11 INFO ] [main] mvc.method.annotation.RequestMappingHandlerAdapter - Looking for @ControllerAdvice: org.springframework.boot.context.embedded.AnnotationConfigEmbeddedWebApplicationContext@158aa89: startup date [Wed Nov 30 16:05:09 CST 2016]; root of context hierarchy
[2016-11-30 16:05:11 INFO ] [main] mvc.method.annotation.RequestMappingHandlerMapping - Mapped "{[/views/aaa]}" onto public java.lang.String com.etoak.bbs.web.controller.TestController.toPage()
[2016-11-30 16:05:11 INFO ] [main] mvc.method.annotation.RequestMappingHandlerMapping - Mapped "{[/error],produces=[text/html]}" onto public org.springframework.web.servlet.ModelAndView org.springframework.boot.autoconfigure.web.BasicErrorController.errorHtml(javax.servlet.http.HttpServletRequest,javax.servlet.http.HttpServletResponse)
[2016-11-30 16:05:11 INFO ] [main] mvc.method.annotation.RequestMappingHandlerMapping - Mapped "{[/error]}" onto public org.springframework.http.ResponseEntity<java.util.Map<java.lang.String, java.lang.Object>> org.springframework.boot.autoconfigure.web.BasicErrorController.error(javax.servlet.http.HttpServletRequest)
[2016-11-30 16:05:11 INFO ] [main] web.servlet.handler.SimpleUrlHandlerMapping - Mapped URL path [/webjars/**] onto handler of type [class org.springframework.web.servlet.resource.ResourceHttpRequestHandler]
[2016-11-30 16:05:11 INFO ] [main] web.servlet.handler.SimpleUrlHandlerMapping - Mapped URL path [/**] onto handler of type [class org.springframework.web.servlet.resource.ResourceHttpRequestHandler]
[2016-11-30 16:05:11 INFO ] [main] web.servlet.handler.SimpleUrlHandlerMapping - Mapped URL path [/**/favicon.ico] onto handler of type [class org.springframework.web.servlet.resource.ResourceHttpRequestHandler]
[2016-11-30 16:05:11 INFO ] [main] boot.autoconfigure.web.WebMvcAutoConfiguration$WelcomePageHandlerMapping - Adding welcome page: ServletContext resource [/index.html]
[2016-11-30 16:05:11 INFO ] [main] jmx.export.annotation.AnnotationMBeanExporter - Registering beans for JMX exposure on startup
[2016-11-30 16:05:11 INFO ] [main] jmx.export.annotation.AnnotationMBeanExporter - Bean with name 'dataSourceEtoak' has been autodetected for JMX exposure
[2016-11-30 16:05:11 INFO ] [main] jmx.export.annotation.AnnotationMBeanExporter - Located MBean 'dataSourceEtoak': registering with JMX server as MBean [com.alibaba.druid.pool:name=dataSourceEtoak,type=DruidDataSource]
[2016-11-30 16:05:11 INFO ] [main] context.embedded.tomcat.TomcatEmbeddedServletContainer - Tomcat initialized with port(s): 9099 (http)
[2016-11-30 16:05:11 INFO ] [main] context.embedded.tomcat.TomcatEmbeddedServletContainer - Tomcat started on port(s): 9099 (http)
[2016-11-30 16:05:11 INFO ] [main] bbs.web.springboot.Application - Started Application in 2.842 seconds (JVM running for 3.172)
[2016-11-30 16:05:12 INFO ] [localhost-startStop-1] springframework.web.context.ContextLoader - Root WebApplicationContext: initialization completed in 1785 ms
[2016-11-30 16:05:12 INFO ] [localhost-startStop-1] boot.web.servlet.ServletRegistrationBean - Mapping servlet: 'dispatcherServlet' to [/]
[2016-11-30 16:05:12 INFO ] [localhost-startStop-1] boot.web.servlet.ServletRegistrationBean - Mapping servlet: 'com.etoak.bbs.web.springboot.DruidStatViewServlet' to [/druid/*]
[2016-11-30 16:05:12 INFO ] [localhost-startStop-1] boot.web.servlet.FilterRegistrationBean - Mapping filter: 'characterEncodingFilter' to: [/*]
[2016-11-30 16:05:12 INFO ] [localhost-startStop-1] boot.web.servlet.FilterRegistrationBean - Mapping filter: 'hiddenHttpMethodFilter' to: [/*]
[2016-11-30 16:05:12 INFO ] [localhost-startStop-1] boot.web.servlet.FilterRegistrationBean - Mapping filter: 'httpPutFormContentFilter' to: [/*]
[2016-11-30 16:05:12 INFO ] [localhost-startStop-1] boot.web.servlet.FilterRegistrationBean - Mapping filter: 'requestContextFilter' to: [/*]
[2016-11-30 16:05:12 INFO ] [localhost-startStop-1] boot.web.servlet.FilterRegistrationBean - Mapping filter: 'druidWebStatFilter' to urls: [/*]
[2016-11-30 16:05:12 INFO ] [main] bbs.web.springboot.MyBatisConfig - 初始化MyBatis.....
[2016-11-30 16:05:12 INFO ] [main] mvc.method.annotation.RequestMappingHandlerAdapter - Looking for @ControllerAdvice: org.springframework.boot.context.embedded.AnnotationConfigEmbeddedWebApplicationContext@9f422f: startup date [Wed Nov 30 16:05:10 CST 2016]; root of context hierarchy
[2016-11-30 16:05:12 INFO ] [main] mvc.method.annotation.RequestMappingHandlerMapping - Mapped "{[/views/aaa]}" onto public java.lang.String com.etoak.bbs.web.controller.TestController.toPage()
[2016-11-30 16:05:12 INFO ] [main] mvc.method.annotation.RequestMappingHandlerMapping - Mapped "{[/error]}" onto public org.springframework.http.ResponseEntity<java.util.Map<java.lang.String, java.lang.Object>> org.springframework.boot.autoconfigure.web.BasicErrorController.error(javax.servlet.http.HttpServletRequest)
[2016-11-30 16:05:12 INFO ] [main] mvc.method.annotation.RequestMappingHandlerMapping - Mapped "{[/error],produces=[text/html]}" onto public org.springframework.web.servlet.ModelAndView org.springframework.boot.autoconfigure.web.BasicErrorController.errorHtml(javax.servlet.http.HttpServletRequest,javax.servlet.http.HttpServletResponse)
[2016-11-30 16:05:12 INFO ] [main] web.servlet.handler.SimpleUrlHandlerMapping - Mapped URL path [/webjars/**] onto handler of type [class org.springframework.web.servlet.resource.ResourceHttpRequestHandler]
[2016-11-30 16:05:12 INFO ] [main] web.servlet.handler.SimpleUrlHandlerMapping - Mapped URL path [/**] onto handler of type [class org.springframework.web.servlet.resource.ResourceHttpRequestHandler]
[2016-11-30 16:05:13 INFO ] [main] web.servlet.handler.SimpleUrlHandlerMapping - Mapped URL path [/**/favicon.ico] onto handler of type [class org.springframework.web.servlet.resource.ResourceHttpRequestHandler]
[2016-11-30 16:05:13 INFO ] [main] boot.autoconfigure.web.WebMvcAutoConfiguration$WelcomePageHandlerMapping - Adding welcome page: ServletContext resource [/index.html]
[2016-11-30 16:05:13 INFO ] [main] jmx.export.annotation.AnnotationMBeanExporter - Registering beans for JMX exposure on startup
[2016-11-30 16:05:13 INFO ] [main] jmx.export.annotation.AnnotationMBeanExporter - Bean with name 'dataSourceEtoak' has been autodetected for JMX exposure
[2016-11-30 16:05:13 INFO ] [main] jmx.export.annotation.AnnotationMBeanExporter - Located MBean 'dataSourceEtoak': registering with JMX server as MBean [com.alibaba.druid.pool:name=dataSourceEtoak,type=DruidDataSource]
[2016-11-30 16:05:13 INFO ] [main] boot.autoconfigure.logging.AutoConfigurationReportLoggingInitializer - 

Error starting ApplicationContext. To display the auto-configuration report re-run your application with 'debug' enabled.
[2016-11-30 16:05:13 ERROR] [main] springframework.boot.diagnostics.LoggingFailureAnalysisReporter - 

***************************
APPLICATION FAILED TO START
***************************

Description:

The Tomcat connector configured to listen on port 9099 failed to start. The port may already be in use or the connector may be misconfigured.

Action:

Verify the connector's configuration, identify and stop any process that's listening on port 9099, or configure this application to listen on another port.

[2016-11-30 16:05:13 INFO ] [main] boot.context.embedded.AnnotationConfigEmbeddedWebApplicationContext - Closing org.springframework.boot.context.embedded.AnnotationConfigEmbeddedWebApplicationContext@9f422f: startup date [Wed Nov 30 16:05:10 CST 2016]; root of context hierarchy
[2016-11-30 16:05:13 INFO ] [main] jmx.export.annotation.AnnotationMBeanExporter - Unregistering JMX-exposed beans on shutdown
[2016-11-30 16:05:13 INFO ] [main] jmx.export.annotation.AnnotationMBeanExporter - Unregistering JMX-exposed beans
[2016-11-30 16:06:18 INFO ] [http-nio-9099-exec-1] springframework.web.servlet.DispatcherServlet - FrameworkServlet 'dispatcherServlet': initialization started
[2016-11-30 16:06:18 INFO ] [http-nio-9099-exec-1] springframework.web.servlet.DispatcherServlet - FrameworkServlet 'dispatcherServlet': initialization completed in 20 ms
[2016-11-30 16:09:24 INFO ] [RMI TCP Connection(11)-192.168.63.116] springframework.boot.admin.SpringApplicationAdminMXBeanRegistrar$SpringApplicationAdmin - Application shutdown requested.
[2016-11-30 16:09:24 INFO ] [RMI TCP Connection(11)-192.168.63.116] boot.context.embedded.AnnotationConfigEmbeddedWebApplicationContext - Closing org.springframework.boot.context.embedded.AnnotationConfigEmbeddedWebApplicationContext@158aa89: startup date [Wed Nov 30 16:05:09 CST 2016]; root of context hierarchy
[2016-11-30 16:09:24 INFO ] [RMI TCP Connection(11)-192.168.63.116] jmx.export.annotation.AnnotationMBeanExporter - Unregistering JMX-exposed beans on shutdown
[2016-11-30 16:09:24 INFO ] [RMI TCP Connection(11)-192.168.63.116] jmx.export.annotation.AnnotationMBeanExporter - Unregistering JMX-exposed beans
[2016-11-30 16:28:38 INFO ] [main] boot.test.context.SpringBootTestContextBootstrapper - Neither @ContextConfiguration nor @ContextHierarchy found for test class [com.etoak.bbs.web.test.UserTest], using SpringBootContextLoader
[2016-11-30 16:28:38 INFO ] [main] test.context.support.AbstractContextLoader - Could not detect default resource locations for test class [com.etoak.bbs.web.test.UserTest]: no resource found for suffixes {-context.xml, Context.groovy}.
[2016-11-30 16:28:38 INFO ] [main] boot.test.context.SpringBootTestContextBootstrapper - Loaded default TestExecutionListener class names from location [META-INF/spring.factories]: [org.springframework.boot.test.mock.mockito.MockitoTestExecutionListener, org.springframework.boot.test.mock.mockito.ResetMocksTestExecutionListener, org.springframework.boot.test.autoconfigure.restdocs.RestDocsTestExecutionListener, org.springframework.boot.test.autoconfigure.web.client.MockRestServiceServerResetTestExecutionListener, org.springframework.boot.test.autoconfigure.web.servlet.MockMvcPrintOnlyOnFailureTestExecutionListener, org.springframework.boot.test.autoconfigure.web.servlet.WebDriverTestExecutionListener, org.springframework.test.context.web.ServletTestExecutionListener, org.springframework.test.context.support.DirtiesContextBeforeModesTestExecutionListener, org.springframework.test.context.support.DependencyInjectionTestExecutionListener, org.springframework.test.context.support.DirtiesContextTestExecutionListener, org.springframework.test.context.transaction.TransactionalTestExecutionListener, org.springframework.test.context.jdbc.SqlScriptsTestExecutionListener]
[2016-11-30 16:28:38 INFO ] [main] boot.test.context.SpringBootTestContextBootstrapper - Using TestExecutionListeners: [org.springframework.test.context.web.ServletTestExecutionListener@afa4b0, org.springframework.test.context.support.DirtiesContextBeforeModesTestExecutionListener@1654104, org.springframework.boot.test.autoconfigure.SpringBootDependencyInjectionTestExecutionListener@8f7aa2, org.springframework.test.context.support.DirtiesContextTestExecutionListener@1bc45de, org.springframework.test.context.transaction.TransactionalTestExecutionListener@18f2e35, org.springframework.test.context.jdbc.SqlScriptsTestExecutionListener@122a7b5, org.springframework.boot.test.autoconfigure.web.servlet.MockMvcPrintOnlyOnFailureTestExecutionListener@3087bd, org.springframework.boot.test.autoconfigure.web.client.MockRestServiceServerResetTestExecutionListener@1fb580, org.springframework.boot.test.autoconfigure.restdocs.RestDocsTestExecutionListener@1c4ecb7, org.springframework.boot.test.mock.mockito.ResetMocksTestExecutionListener@1911ec8, org.springframework.boot.test.autoconfigure.web.servlet.WebDriverTestExecutionListener@7c0754, org.springframework.boot.test.mock.mockito.MockitoTestExecutionListener@c54b3b]
[2016-11-30 16:28:38 INFO ] [main] bbs.web.test.UserTest - Starting UserTest on Lin-PC with PID 1868 (started by Lin in G:\java\workspace\etoakSpace\etoak\etoak-bbs\etoak-bbs-web)
[2016-11-30 16:28:38 INFO ] [main] bbs.web.test.UserTest - No active profile set, falling back to default profiles: default
[2016-11-30 16:28:38 INFO ] [main] web.context.support.GenericWebApplicationContext - Refreshing org.springframework.web.context.support.GenericWebApplicationContext@147a87e: startup date [Wed Nov 30 16:28:38 CST 2016]; root of context hierarchy
[2016-11-30 16:28:38 INFO ] [background-preinit] validator.internal.util.Version - HV000001: Hibernate Validator 5.2.4.Final
[2016-11-30 16:28:39 INFO ] [main] springframework.context.support.PostProcessorRegistrationDelegate$BeanPostProcessorChecker - Bean 'org.springframework.transaction.annotation.ProxyTransactionManagementConfiguration' of type [class org.springframework.transaction.annotation.ProxyTransactionManagementConfiguration$$EnhancerBySpringCGLIB$$c84c6aa3] is not eligible for getting processed by all BeanPostProcessors (for example: not eligible for auto-proxying)
[2016-11-30 16:28:39 INFO ] [main] bbs.web.springboot.MyBatisConfig - 初始化MyBatis.....
[2016-11-30 16:28:40 INFO ] [main] mvc.method.annotation.RequestMappingHandlerAdapter - Looking for @ControllerAdvice: org.springframework.web.context.support.GenericWebApplicationContext@147a87e: startup date [Wed Nov 30 16:28:38 CST 2016]; root of context hierarchy
[2016-11-30 16:28:40 INFO ] [main] mvc.method.annotation.RequestMappingHandlerMapping - Mapped "{[/views/aaa]}" onto public java.lang.String com.etoak.bbs.web.controller.TestController.toPage()
[2016-11-30 16:28:40 INFO ] [main] mvc.method.annotation.RequestMappingHandlerMapping - Mapped "{[/error],produces=[text/html]}" onto public org.springframework.web.servlet.ModelAndView org.springframework.boot.autoconfigure.web.BasicErrorController.errorHtml(javax.servlet.http.HttpServletRequest,javax.servlet.http.HttpServletResponse)
[2016-11-30 16:28:40 INFO ] [main] mvc.method.annotation.RequestMappingHandlerMapping - Mapped "{[/error]}" onto public org.springframework.http.ResponseEntity<java.util.Map<java.lang.String, java.lang.Object>> org.springframework.boot.autoconfigure.web.BasicErrorController.error(javax.servlet.http.HttpServletRequest)
[2016-11-30 16:28:40 INFO ] [main] web.servlet.handler.SimpleUrlHandlerMapping - Mapped URL path [/webjars/**] onto handler of type [class org.springframework.web.servlet.resource.ResourceHttpRequestHandler]
[2016-11-30 16:28:40 INFO ] [main] web.servlet.handler.SimpleUrlHandlerMapping - Mapped URL path [/**] onto handler of type [class org.springframework.web.servlet.resource.ResourceHttpRequestHandler]
[2016-11-30 16:28:40 INFO ] [main] web.servlet.handler.SimpleUrlHandlerMapping - Mapped URL path [/**/favicon.ico] onto handler of type [class org.springframework.web.servlet.resource.ResourceHttpRequestHandler]
[2016-11-30 16:28:40 INFO ] [main] boot.autoconfigure.web.WebMvcAutoConfiguration$WelcomePageHandlerMapping - Adding welcome page: ServletContext resource [/index.html]
[2016-11-30 16:28:40 INFO ] [main] bbs.web.test.UserTest - Started UserTest in 2.524 seconds (JVM running for 3.055)
[2016-11-30 16:28:48 ERROR] [main] alibaba.druid.pool.DruidDataSource - init datasource error, url: jdbc:mysql://127.0.0.1:3306/etoak_bbs?useUnicode=true&characterEncoding=UTF-8&zeroDateTimeBehavior=convertToNull&autoReconnect=true
com.mysql.jdbc.exceptions.jdbc4.MySQLNonTransientConnectionException: Could not create connection to database server. Attempted reconnect 3 times. Giving up.
	at sun.reflect.NativeConstructorAccessorImpl.newInstance0(Native Method)
	at sun.reflect.NativeConstructorAccessorImpl.newInstance(NativeConstructorAccessorImpl.java:57)
	at sun.reflect.DelegatingConstructorAccessorImpl.newInstance(DelegatingConstructorAccessorImpl.java:45)
	at java.lang.reflect.Constructor.newInstance(Constructor.java:525)
	at com.mysql.jdbc.Util.handleNewInstance(Util.java:425)
	at com.mysql.jdbc.Util.getInstance(Util.java:408)
	at com.mysql.jdbc.SQLError.createSQLException(SQLError.java:918)
	at com.mysql.jdbc.SQLError.createSQLException(SQLError.java:897)
	at com.mysql.jdbc.SQLError.createSQLException(SQLError.java:886)
	at com.mysql.jdbc.SQLError.createSQLException(SQLError.java:860)
	at com.mysql.jdbc.ConnectionImpl.connectWithRetries(ConnectionImpl.java:2163)
	at com.mysql.jdbc.ConnectionImpl.createNewIO(ConnectionImpl.java:2088)
	at com.mysql.jdbc.ConnectionImpl.<init>(ConnectionImpl.java:806)
	at com.mysql.jdbc.JDBC4Connection.<init>(JDBC4Connection.java:47)
	at sun.reflect.NativeConstructorAccessorImpl.newInstance0(Native Method)
	at sun.reflect.NativeConstructorAccessorImpl.newInstance(NativeConstructorAccessorImpl.java:57)
	at sun.reflect.DelegatingConstructorAccessorImpl.newInstance(DelegatingConstructorAccessorImpl.java:45)
	at java.lang.reflect.Constructor.newInstance(Constructor.java:525)
	at com.mysql.jdbc.Util.handleNewInstance(Util.java:425)
	at com.mysql.jdbc.ConnectionImpl.getInstance(ConnectionImpl.java:410)
	at com.mysql.jdbc.NonRegisteringDriver.connect(NonRegisteringDriver.java:328)
	at com.alibaba.druid.filter.FilterChainImpl.connection_connect(FilterChainImpl.java:148)
	at com.alibaba.druid.filter.FilterAdapter.connection_connect(FilterAdapter.java:785)
	at com.alibaba.druid.filter.FilterChainImpl.connection_connect(FilterChainImpl.java:142)
	at com.alibaba.druid.filter.stat.StatFilter.connection_connect(StatFilter.java:211)
	at com.alibaba.druid.filter.FilterChainImpl.connection_connect(FilterChainImpl.java:142)
	at com.alibaba.druid.pool.DruidAbstractDataSource.createPhysicalConnection(DruidAbstractDataSource.java:1423)
	at com.alibaba.druid.pool.DruidAbstractDataSource.createPhysicalConnection(DruidAbstractDataSource.java:1477)
	at com.alibaba.druid.pool.DruidDataSource.init(DruidDataSource.java:677)
	at com.alibaba.druid.pool.DruidDataSource.getConnection(DruidDataSource.java:988)
	at com.alibaba.druid.pool.DruidDataSource.getConnection(DruidDataSource.java:984)
	at com.alibaba.druid.pool.DruidDataSource.getConnection(DruidDataSource.java:103)
	at net.sf.log4jdbc.Log4jdbcProxyDataSource.getConnection(Log4jdbcProxyDataSource.java:89)
	at org.springframework.jdbc.datasource.DataSourceUtils.doGetConnection(DataSourceUtils.java:111)
	at org.springframework.jdbc.datasource.DataSourceUtils.getConnection(DataSourceUtils.java:77)
	at org.mybatis.spring.transaction.SpringManagedTransaction.openConnection(SpringManagedTransaction.java:84)
	at org.mybatis.spring.transaction.SpringManagedTransaction.getConnection(SpringManagedTransaction.java:70)
	at org.apache.ibatis.executor.BaseExecutor.getConnection(BaseExecutor.java:336)
	at org.apache.ibatis.executor.SimpleExecutor.prepareStatement(SimpleExecutor.java:84)
	at org.apache.ibatis.executor.SimpleExecutor.doQuery(SimpleExecutor.java:62)
	at org.apache.ibatis.executor.BaseExecutor.queryFromDatabase(BaseExecutor.java:324)
	at org.apache.ibatis.executor.BaseExecutor.query(BaseExecutor.java:156)
	at org.apache.ibatis.executor.CachingExecutor.query(CachingExecutor.java:109)
	at org.apache.ibatis.executor.CachingExecutor.query(CachingExecutor.java:83)
	at org.apache.ibatis.session.defaults.DefaultSqlSession.selectList(DefaultSqlSession.java:148)
	at org.apache.ibatis.session.defaults.DefaultSqlSession.selectList(DefaultSqlSession.java:141)
	at org.apache.ibatis.session.defaults.DefaultSqlSession.selectOne(DefaultSqlSession.java:77)
	at sun.reflect.NativeMethodAccessorImpl.invoke0(Native Method)
	at sun.reflect.NativeMethodAccessorImpl.invoke(NativeMethodAccessorImpl.java:57)
	at sun.reflect.DelegatingMethodAccessorImpl.invoke(DelegatingMethodAccessorImpl.java:43)
	at java.lang.reflect.Method.invoke(Method.java:601)
	at org.mybatis.spring.SqlSessionTemplate$SqlSessionInterceptor.invoke(SqlSessionTemplate.java:434)
	at com.sun.proxy.$Proxy65.selectOne(Unknown Source)
	at org.mybatis.spring.SqlSessionTemplate.selectOne(SqlSessionTemplate.java:167)
	at org.apache.ibatis.binding.MapperMethod.execute(MapperMethod.java:82)
	at org.apache.ibatis.binding.MapperProxy.invoke(MapperProxy.java:53)
	at com.sun.proxy.$Proxy73.queryById(Unknown Source)
	at com.etoak.bbs.web.test.UserTest.test(UserTest.java:18)
	at sun.reflect.NativeMethodAccessorImpl.invoke0(Native Method)
	at sun.reflect.NativeMethodAccessorImpl.invoke(NativeMethodAccessorImpl.java:57)
	at sun.reflect.DelegatingMethodAccessorImpl.invoke(DelegatingMethodAccessorImpl.java:43)
	at java.lang.reflect.Method.invoke(Method.java:601)
	at org.junit.runners.model.FrameworkMethod$1.runReflectiveCall(FrameworkMethod.java:50)
	at org.junit.internal.runners.model.ReflectiveCallable.run(ReflectiveCallable.java:12)
	at org.junit.runners.model.FrameworkMethod.invokeExplosively(FrameworkMethod.java:47)
	at org.junit.internal.runners.statements.InvokeMethod.evaluate(InvokeMethod.java:17)
	at org.springframework.test.context.junit4.statements.RunBeforeTestMethodCallbacks.evaluate(RunBeforeTestMethodCallbacks.java:75)
	at org.springframework.test.context.junit4.statements.RunAfterTestMethodCallbacks.evaluate(RunAfterTestMethodCallbacks.java:86)
	at org.springframework.test.context.junit4.statements.SpringRepeat.evaluate(SpringRepeat.java:84)
	at org.junit.runners.ParentRunner.runLeaf(ParentRunner.java:325)
	at org.springframework.test.context.junit4.SpringJUnit4ClassRunner.runChild(SpringJUnit4ClassRunner.java:252)
	at org.springframework.test.context.junit4.SpringJUnit4ClassRunner.runChild(SpringJUnit4ClassRunner.java:94)
	at org.junit.runners.ParentRunner$3.run(ParentRunner.java:290)
	at org.junit.runners.ParentRunner$1.schedule(ParentRunner.java:71)
	at org.junit.runners.ParentRunner.runChildren(ParentRunner.java:288)
	at org.junit.runners.ParentRunner.access$000(ParentRunner.java:58)
	at org.junit.runners.ParentRunner$2.evaluate(ParentRunner.java:268)
	at org.springframework.test.context.junit4.statements.RunBeforeTestClassCallbacks.evaluate(RunBeforeTestClassCallbacks.java:61)
	at org.springframework.test.context.junit4.statements.RunAfterTestClassCallbacks.evaluate(RunAfterTestClassCallbacks.java:70)
	at org.junit.runners.ParentRunner.run(ParentRunner.java:363)
	at org.springframework.test.context.junit4.SpringJUnit4ClassRunner.run(SpringJUnit4ClassRunner.java:191)
	at org.eclipse.jdt.internal.junit4.runner.JUnit4TestReference.run(JUnit4TestReference.java:86)
	at org.eclipse.jdt.internal.junit.runner.TestExecution.run(TestExecution.java:38)
	at org.eclipse.jdt.internal.junit.runner.RemoteTestRunner.runTests(RemoteTestRunner.java:459)
	at org.eclipse.jdt.internal.junit.runner.RemoteTestRunner.runTests(RemoteTestRunner.java:675)
	at org.eclipse.jdt.internal.junit.runner.RemoteTestRunner.run(RemoteTestRunner.java:382)
	at org.eclipse.jdt.internal.junit.runner.RemoteTestRunner.main(RemoteTestRunner.java:192)
Caused by: com.mysql.jdbc.exceptions.jdbc4.CommunicationsException: Communications link failure

The last packet sent successfully to the server was 0 milliseconds ago. The driver has not received any packets from the server.
	at sun.reflect.NativeConstructorAccessorImpl.newInstance0(Native Method)
	at sun.reflect.NativeConstructorAccessorImpl.newInstance(NativeConstructorAccessorImpl.java:57)
	at sun.reflect.DelegatingConstructorAccessorImpl.newInstance(DelegatingConstructorAccessorImpl.java:45)
	at java.lang.reflect.Constructor.newInstance(Constructor.java:525)
	at com.mysql.jdbc.Util.handleNewInstance(Util.java:425)
	at com.mysql.jdbc.SQLError.createCommunicationsException(SQLError.java:989)
	at com.mysql.jdbc.MysqlIO.<init>(MysqlIO.java:341)
	at com.mysql.jdbc.ConnectionImpl.coreConnect(ConnectionImpl.java:2251)
	at com.mysql.jdbc.ConnectionImpl.connectWithRetries(ConnectionImpl.java:2104)
	... 76 more
Caused by: java.net.ConnectException: Connection refused: connect
	at java.net.DualStackPlainSocketImpl.connect0(Native Method)
	at java.net.DualStackPlainSocketImpl.socketConnect(DualStackPlainSocketImpl.java:69)
	at java.net.AbstractPlainSocketImpl.doConnect(AbstractPlainSocketImpl.java:339)
	at java.net.AbstractPlainSocketImpl.connectToAddress(AbstractPlainSocketImpl.java:200)
	at java.net.AbstractPlainSocketImpl.connect(AbstractPlainSocketImpl.java:182)
	at java.net.PlainSocketImpl.connect(PlainSocketImpl.java:157)
	at java.net.SocksSocketImpl.connect(SocksSocketImpl.java:391)
	at java.net.Socket.connect(Socket.java:579)
	at com.mysql.jdbc.StandardSocketFactory.connect(StandardSocketFactory.java:211)
	at com.mysql.jdbc.MysqlIO.<init>(MysqlIO.java:300)
	... 78 more
[2016-11-30 16:28:48 ERROR] [main] alibaba.druid.pool.DruidDataSource - {dataSource-1} init error
com.mysql.jdbc.exceptions.jdbc4.MySQLNonTransientConnectionException: Could not create connection to database server. Attempted reconnect 3 times. Giving up.
	at sun.reflect.NativeConstructorAccessorImpl.newInstance0(Native Method)
	at sun.reflect.NativeConstructorAccessorImpl.newInstance(NativeConstructorAccessorImpl.java:57)
	at sun.reflect.DelegatingConstructorAccessorImpl.newInstance(DelegatingConstructorAccessorImpl.java:45)
	at java.lang.reflect.Constructor.newInstance(Constructor.java:525)
	at com.mysql.jdbc.Util.handleNewInstance(Util.java:425)
	at com.mysql.jdbc.Util.getInstance(Util.java:408)
	at com.mysql.jdbc.SQLError.createSQLException(SQLError.java:918)
	at com.mysql.jdbc.SQLError.createSQLException(SQLError.java:897)
	at com.mysql.jdbc.SQLError.createSQLException(SQLError.java:886)
	at com.mysql.jdbc.SQLError.createSQLException(SQLError.java:860)
	at com.mysql.jdbc.ConnectionImpl.connectWithRetries(ConnectionImpl.java:2163)
	at com.mysql.jdbc.ConnectionImpl.createNewIO(ConnectionImpl.java:2088)
	at com.mysql.jdbc.ConnectionImpl.<init>(ConnectionImpl.java:806)
	at com.mysql.jdbc.JDBC4Connection.<init>(JDBC4Connection.java:47)
	at sun.reflect.NativeConstructorAccessorImpl.newInstance0(Native Method)
	at sun.reflect.NativeConstructorAccessorImpl.newInstance(NativeConstructorAccessorImpl.java:57)
	at sun.reflect.DelegatingConstructorAccessorImpl.newInstance(DelegatingConstructorAccessorImpl.java:45)
	at java.lang.reflect.Constructor.newInstance(Constructor.java:525)
	at com.mysql.jdbc.Util.handleNewInstance(Util.java:425)
	at com.mysql.jdbc.ConnectionImpl.getInstance(ConnectionImpl.java:410)
	at com.mysql.jdbc.NonRegisteringDriver.connect(NonRegisteringDriver.java:328)
	at com.alibaba.druid.filter.FilterChainImpl.connection_connect(FilterChainImpl.java:148)
	at com.alibaba.druid.filter.FilterAdapter.connection_connect(FilterAdapter.java:785)
	at com.alibaba.druid.filter.FilterChainImpl.connection_connect(FilterChainImpl.java:142)
	at com.alibaba.druid.filter.stat.StatFilter.connection_connect(StatFilter.java:211)
	at com.alibaba.druid.filter.FilterChainImpl.connection_connect(FilterChainImpl.java:142)
	at com.alibaba.druid.pool.DruidAbstractDataSource.createPhysicalConnection(DruidAbstractDataSource.java:1423)
	at com.alibaba.druid.pool.DruidAbstractDataSource.createPhysicalConnection(DruidAbstractDataSource.java:1477)
	at com.alibaba.druid.pool.DruidDataSource.init(DruidDataSource.java:677)
	at com.alibaba.druid.pool.DruidDataSource.getConnection(DruidDataSource.java:988)
	at com.alibaba.druid.pool.DruidDataSource.getConnection(DruidDataSource.java:984)
	at com.alibaba.druid.pool.DruidDataSource.getConnection(DruidDataSource.java:103)
	at net.sf.log4jdbc.Log4jdbcProxyDataSource.getConnection(Log4jdbcProxyDataSource.java:89)
	at org.springframework.jdbc.datasource.DataSourceUtils.doGetConnection(DataSourceUtils.java:111)
	at org.springframework.jdbc.datasource.DataSourceUtils.getConnection(DataSourceUtils.java:77)
	at org.mybatis.spring.transaction.SpringManagedTransaction.openConnection(SpringManagedTransaction.java:84)
	at org.mybatis.spring.transaction.SpringManagedTransaction.getConnection(SpringManagedTransaction.java:70)
	at org.apache.ibatis.executor.BaseExecutor.getConnection(BaseExecutor.java:336)
	at org.apache.ibatis.executor.SimpleExecutor.prepareStatement(SimpleExecutor.java:84)
	at org.apache.ibatis.executor.SimpleExecutor.doQuery(SimpleExecutor.java:62)
	at org.apache.ibatis.executor.BaseExecutor.queryFromDatabase(BaseExecutor.java:324)
	at org.apache.ibatis.executor.BaseExecutor.query(BaseExecutor.java:156)
	at org.apache.ibatis.executor.CachingExecutor.query(CachingExecutor.java:109)
	at org.apache.ibatis.executor.CachingExecutor.query(CachingExecutor.java:83)
	at org.apache.ibatis.session.defaults.DefaultSqlSession.selectList(DefaultSqlSession.java:148)
	at org.apache.ibatis.session.defaults.DefaultSqlSession.selectList(DefaultSqlSession.java:141)
	at org.apache.ibatis.session.defaults.DefaultSqlSession.selectOne(DefaultSqlSession.java:77)
	at sun.reflect.NativeMethodAccessorImpl.invoke0(Native Method)
	at sun.reflect.NativeMethodAccessorImpl.invoke(NativeMethodAccessorImpl.java:57)
	at sun.reflect.DelegatingMethodAccessorImpl.invoke(DelegatingMethodAccessorImpl.java:43)
	at java.lang.reflect.Method.invoke(Method.java:601)
	at org.mybatis.spring.SqlSessionTemplate$SqlSessionInterceptor.invoke(SqlSessionTemplate.java:434)
	at com.sun.proxy.$Proxy65.selectOne(Unknown Source)
	at org.mybatis.spring.SqlSessionTemplate.selectOne(SqlSessionTemplate.java:167)
	at org.apache.ibatis.binding.MapperMethod.execute(MapperMethod.java:82)
	at org.apache.ibatis.binding.MapperProxy.invoke(MapperProxy.java:53)
	at com.sun.proxy.$Proxy73.queryById(Unknown Source)
	at com.etoak.bbs.web.test.UserTest.test(UserTest.java:18)
	at sun.reflect.NativeMethodAccessorImpl.invoke0(Native Method)
	at sun.reflect.NativeMethodAccessorImpl.invoke(NativeMethodAccessorImpl.java:57)
	at sun.reflect.DelegatingMethodAccessorImpl.invoke(DelegatingMethodAccessorImpl.java:43)
	at java.lang.reflect.Method.invoke(Method.java:601)
	at org.junit.runners.model.FrameworkMethod$1.runReflectiveCall(FrameworkMethod.java:50)
	at org.junit.internal.runners.model.ReflectiveCallable.run(ReflectiveCallable.java:12)
	at org.junit.runners.model.FrameworkMethod.invokeExplosively(FrameworkMethod.java:47)
	at org.junit.internal.runners.statements.InvokeMethod.evaluate(InvokeMethod.java:17)
	at org.springframework.test.context.junit4.statements.RunBeforeTestMethodCallbacks.evaluate(RunBeforeTestMethodCallbacks.java:75)
	at org.springframework.test.context.junit4.statements.RunAfterTestMethodCallbacks.evaluate(RunAfterTestMethodCallbacks.java:86)
	at org.springframework.test.context.junit4.statements.SpringRepeat.evaluate(SpringRepeat.java:84)
	at org.junit.runners.ParentRunner.runLeaf(ParentRunner.java:325)
	at org.springframework.test.context.junit4.SpringJUnit4ClassRunner.runChild(SpringJUnit4ClassRunner.java:252)
	at org.springframework.test.context.junit4.SpringJUnit4ClassRunner.runChild(SpringJUnit4ClassRunner.java:94)
	at org.junit.runners.ParentRunner$3.run(ParentRunner.java:290)
	at org.junit.runners.ParentRunner$1.schedule(ParentRunner.java:71)
	at org.junit.runners.ParentRunner.runChildren(ParentRunner.java:288)
	at org.junit.runners.ParentRunner.access$000(ParentRunner.java:58)
	at org.junit.runners.ParentRunner$2.evaluate(ParentRunner.java:268)
	at org.springframework.test.context.junit4.statements.RunBeforeTestClassCallbacks.evaluate(RunBeforeTestClassCallbacks.java:61)
	at org.springframework.test.context.junit4.statements.RunAfterTestClassCallbacks.evaluate(RunAfterTestClassCallbacks.java:70)
	at org.junit.runners.ParentRunner.run(ParentRunner.java:363)
	at org.springframework.test.context.junit4.SpringJUnit4ClassRunner.run(SpringJUnit4ClassRunner.java:191)
	at org.eclipse.jdt.internal.junit4.runner.JUnit4TestReference.run(JUnit4TestReference.java:86)
	at org.eclipse.jdt.internal.junit.runner.TestExecution.run(TestExecution.java:38)
	at org.eclipse.jdt.internal.junit.runner.RemoteTestRunner.runTests(RemoteTestRunner.java:459)
	at org.eclipse.jdt.internal.junit.runner.RemoteTestRunner.runTests(RemoteTestRunner.java:675)
	at org.eclipse.jdt.internal.junit.runner.RemoteTestRunner.run(RemoteTestRunner.java:382)
	at org.eclipse.jdt.internal.junit.runner.RemoteTestRunner.main(RemoteTestRunner.java:192)
Caused by: com.mysql.jdbc.exceptions.jdbc4.CommunicationsException: Communications link failure

The last packet sent successfully to the server was 0 milliseconds ago. The driver has not received any packets from the server.
	at sun.reflect.NativeConstructorAccessorImpl.newInstance0(Native Method)
	at sun.reflect.NativeConstructorAccessorImpl.newInstance(NativeConstructorAccessorImpl.java:57)
	at sun.reflect.DelegatingConstructorAccessorImpl.newInstance(DelegatingConstructorAccessorImpl.java:45)
	at java.lang.reflect.Constructor.newInstance(Constructor.java:525)
	at com.mysql.jdbc.Util.handleNewInstance(Util.java:425)
	at com.mysql.jdbc.SQLError.createCommunicationsException(SQLError.java:989)
	at com.mysql.jdbc.MysqlIO.<init>(MysqlIO.java:341)
	at com.mysql.jdbc.ConnectionImpl.coreConnect(ConnectionImpl.java:2251)
	at com.mysql.jdbc.ConnectionImpl.connectWithRetries(ConnectionImpl.java:2104)
	... 76 more
Caused by: java.net.ConnectException: Connection refused: connect
	at java.net.DualStackPlainSocketImpl.connect0(Native Method)
	at java.net.DualStackPlainSocketImpl.socketConnect(DualStackPlainSocketImpl.java:69)
	at java.net.AbstractPlainSocketImpl.doConnect(AbstractPlainSocketImpl.java:339)
	at java.net.AbstractPlainSocketImpl.connectToAddress(AbstractPlainSocketImpl.java:200)
	at java.net.AbstractPlainSocketImpl.connect(AbstractPlainSocketImpl.java:182)
	at java.net.PlainSocketImpl.connect(PlainSocketImpl.java:157)
	at java.net.SocksSocketImpl.connect(SocksSocketImpl.java:391)
	at java.net.Socket.connect(Socket.java:579)
	at com.mysql.jdbc.StandardSocketFactory.connect(StandardSocketFactory.java:211)
	at com.mysql.jdbc.MysqlIO.<init>(MysqlIO.java:300)
	... 78 more
[2016-11-30 16:28:48 INFO ] [main] alibaba.druid.pool.DruidDataSource - {dataSource-1} inited
[2016-11-30 16:28:48 INFO ] [Thread-1] web.context.support.GenericWebApplicationContext - Closing org.springframework.web.context.support.GenericWebApplicationContext@147a87e: startup date [Wed Nov 30 16:28:38 CST 2016]; root of context hierarchy
[2016-11-30 16:28:48 INFO ] [Thread-1] alibaba.druid.pool.DruidDataSource - {dataSource-1} closed
